Using pre-set license
Built from '2020.2/release' branch; Version is '2020.2.4f1 (becced5a802b) revision 12504301'; Using compiler version '192528614'; Build Type 'Release'
OS: 'Windows 10 Home; OS build 26100.3476; Version 2009; 64bit' Language: 'en' Physical Memory: 64617 MB
BatchMode: 1, IsHumanControllingUs: 0, StartBugReporterOnCrash: 0, Is64bit: 1, IsPro: 0

 COMMAND LINE ARGUMENTS:
C:\Program Files\Unity\Hub\Editor\2020.2.4f1\Editor\Unity.exe
-adb2
-batchMode
-noUpm
-name
AssetImportWorker0
-projectPath
C:/Users/jin-s/My project
-logFile
Logs/AssetImportWorker0.log
-srvPort
61684
Successfully changed project path to: C:/Users/jin-s/My project
C:/Users/jin-s/My project
Using Asset Import Pipeline V2.
Refreshing native plugins compatible for Editor in 16.85 ms, found 0 plugins.
Preloading 0 native plugins for Editor in 0.00 ms.
Initialize engine version: 2020.2.4f1 (becced5a802b)
[Subsystems] Discovering subsystems at path C:/Program Files/Unity/Hub/Editor/2020.2.4f1/Editor/Data/Resources/UnitySubsystems
[Subsystems] Discovering subsystems at path C:/Users/jin-s/My project/Assets
GfxDevice: creating device client; threaded=0
Direct3D:
    Version:  Direct3D 11.0 [level 11.1]
    Renderer: NVIDIA GeForce RTX 4070 (ID=0x2786)
    Vendor:   
    VRAM:     12012 MB
    Driver:   32.0.15.7283
Initialize mono
Mono path[0] = 'C:/Program Files/Unity/Hub/Editor/2020.2.4f1/Editor/Data/Managed'
Mono path[1] = 'C:/Program Files/Unity/Hub/Editor/2020.2.4f1/Editor/Data/MonoBleedingEdge/lib/mono/unityjit'
Mono config path = 'C:/Program Files/Unity/Hub/Editor/2020.2.4f1/Editor/Data/MonoBleedingEdge/etc'
Using monoOptions --debugger-agent=transport=dt_socket,embedding=1,server=y,suspend=n,address=127.0.0.1:56164
Begin MonoManager ReloadAssembly
Registering precompiled unity dll's ...
Register platform support module: C:/Program Files/Unity/Hub/Editor/2020.2.4f1/Editor/Data/PlaybackEngines/WindowsStandaloneSupport/UnityEditor.WindowsStandalone.Extensions.dll
Registered in 0.001040 seconds.
Native extension for WindowsStandalone target not found
Refreshing native plugins compatible for Editor in 16.61 ms, found 0 plugins.
Preloading 0 native plugins for Editor in 0.00 ms.
Invoked RoslynAnalysisRunner static constructor.
RoslynAnalysisRunner will not be running.
RoslynAnalysisRunner has terminated.
Mono: successfully reloaded assembly
- Completed reload, in  0.567 seconds
Platform modules already initialized, skipping
Registering precompiled user dll's ...
Registered in 0.000500 seconds.
Begin MonoManager ReloadAssembly
Native extension for WindowsStandalone target not found
Refreshing native plugins compatible for Editor in 15.92 ms, found 0 plugins.
Preloading 0 native plugins for Editor in 0.00 ms.
Invoked RoslynAnalysisRunner static constructor.
RoslynAnalysisRunner will not be running.
RoslynAnalysisRunner has terminated.
Mono: successfully reloaded assembly
- Completed reload, in  0.453 seconds
Platform modules already initialized, skipping
========================================================================
Worker process is ready to serve import requests
Launched and connected shader compiler UnityShaderCompiler.exe after 0.04 seconds
Refreshing native plugins compatible for Editor in 0.29 ms, found 0 plugins.
Preloading 0 native plugins for Editor in 0.00 ms.
Unloading 1400 Unused Serialized files (Serialized files now loaded: 0)
System memory in use before: 66.9 MB.
System memory in use after: 67.0 MB.

Unloading 11 unused Assets to reduce memory usage. Loaded Objects now: 1844.
Total: 1.215800 ms (FindLiveObjects: 0.102500 ms CreateObjectMapping: 0.017800 ms MarkObjects: 1.059500 ms  DeleteObjects: 0.035500 ms)

========================================================================
Received Import Request.
  path: Assets/Materials/Background.mat
  artifactKey: Guid(462902a2ebc3c694fa1e17c15abafcb4) Importer(815301076,1909f56bfc062723c751e8b465ee728b)
Start importing Assets/Materials/Background.mat using Guid(462902a2ebc3c694fa1e17c15abafcb4) Importer(815301076,1909f56bfc062723c751e8b465ee728b)  -> (artifact id: '97be29c61a9fc7db378570e5411e057d') in 0.061057 seconds
  Import took 0.062824 seconds .

========================================================================
Received Import Request.
  Time since last request: 0.000152 seconds.
  path: Assets/Materials/Player.mat
  artifactKey: Guid(39c881e7b7e740044b998af5fa71b845) Importer(815301076,1909f56bfc062723c751e8b465ee728b)
Start importing Assets/Materials/Player.mat using Guid(39c881e7b7e740044b998af5fa71b845) Importer(815301076,1909f56bfc062723c751e8b465ee728b)  -> (artifact id: '3fcb644574f56cf7104e662bd3d4ecc6') in 0.008587 seconds
  Import took 0.009860 seconds .

========================================================================
Received Import Request.
  Time since last request: 55.041901 seconds.
  path: Assets
  artifactKey: Guid(00000000000000001000000000000000) Importer(815301076,1909f56bfc062723c751e8b465ee728b)
Start importing Assets using Guid(00000000000000001000000000000000) Importer(815301076,1909f56bfc062723c751e8b465ee728b)  -> (artifact id: 'edc3feb264a98656617d3c2cb59c8f16') in 0.006565 seconds
  Import took 0.008458 seconds .

========================================================================
Received Import Request.
  Time since last request: 4.745508 seconds.
  path: Assets/Scriipts
  artifactKey: Guid(9a84a00b9ecec1b4eb4b090f0621f799) Importer(815301076,1909f56bfc062723c751e8b465ee728b)
Start importing Assets/Scriipts using Guid(9a84a00b9ecec1b4eb4b090f0621f799) Importer(815301076,1909f56bfc062723c751e8b465ee728b)  -> (artifact id: '45953ae456f612543fa55b424f9d0ac4') in 0.005345 seconds
  Import took 0.006968 seconds .

========================================================================
Received Import Request.
  Time since last request: 5.174486 seconds.
  path: Assets/Scripts
  artifactKey: Guid(9a84a00b9ecec1b4eb4b090f0621f799) Importer(815301076,1909f56bfc062723c751e8b465ee728b)
Start importing Assets/Scripts using Guid(9a84a00b9ecec1b4eb4b090f0621f799) Importer(815301076,1909f56bfc062723c751e8b465ee728b)  -> (artifact id: 'd1d304b3a8e6cfc643ab876c6dbc6f37') in 0.007001 seconds
  Import took 0.008620 seconds .

========================================================================
Received Prepare
Registering precompiled user dll's ...
Registered in 0.000342 seconds.
Begin MonoManager ReloadAssembly
Native extension for WindowsStandalone target not found
Refreshing native plugins compatible for Editor in 0.19 ms, found 0 plugins.
Preloading 0 native plugins for Editor in 0.00 ms.
Invoked RoslynAnalysisRunner static constructor.
RoslynAnalysisRunner will not be running.
RoslynAnalysisRunner has terminated.
Mono: successfully reloaded assembly
- Completed reload, in  0.412 seconds
Platform modules already initialized, skipping
Refreshing native plugins compatible for Editor in 0.23 ms, found 0 plugins.
Preloading 0 native plugins for Editor in 0.00 ms.
Unloading 1395 Unused Serialized files (Serialized files now loaded: 0)
System memory in use before: 70.3 MB.
System memory in use after: 70.4 MB.

Unloading 4 unused Assets to reduce memory usage. Loaded Objects now: 1887.
Total: 1.104100 ms (FindLiveObjects: 0.093100 ms CreateObjectMapping: 0.017900 ms MarkObjects: 0.983200 ms  DeleteObjects: 0.009200 ms)

========================================================================
Received Prepare
Registering precompiled user dll's ...
Registered in 0.000359 seconds.
Begin MonoManager ReloadAssembly
Native extension for WindowsStandalone target not found
Refreshing native plugins compatible for Editor in 0.19 ms, found 0 plugins.
Preloading 0 native plugins for Editor in 0.00 ms.
Invoked RoslynAnalysisRunner static constructor.
RoslynAnalysisRunner will not be running.
RoslynAnalysisRunner has terminated.
Mono: successfully reloaded assembly
- Completed reload, in  0.405 seconds
Platform modules already initialized, skipping
Refreshing native plugins compatible for Editor in 0.22 ms, found 0 plugins.
Preloading 0 native plugins for Editor in 0.00 ms.
Unloading 1395 Unused Serialized files (Serialized files now loaded: 0)
System memory in use before: 70.3 MB.
System memory in use after: 70.4 MB.

Unloading 4 unused Assets to reduce memory usage. Loaded Objects now: 1889.
Total: 1.238800 ms (FindLiveObjects: 0.113100 ms CreateObjectMapping: 0.025900 ms MarkObjects: 1.088600 ms  DeleteObjects: 0.010500 ms)

========================================================================
Received Import Request.
  Time since last request: 48.092743 seconds.
  path: Assets/Scripts/PlayerController.cs
  artifactKey: Guid(a68e9804061ff1045a76095ca9df24f3) Importer(815301076,1909f56bfc062723c751e8b465ee728b)
Start importing Assets/Scripts/PlayerController.cs using Guid(a68e9804061ff1045a76095ca9df24f3) Importer(815301076,1909f56bfc062723c751e8b465ee728b)  -> (artifact id: '78568cd289f8eb2c78d29bbec9ea69a0') in 0.011252 seconds
  Import took 0.012865 seconds .

========================================================================
Received Import Request.
  Time since last request: 289.391062 seconds.
  path: Assets/Scripts/PlayerController.cs
  artifactKey: Guid(a68e9804061ff1045a76095ca9df24f3) Importer(815301076,1909f56bfc062723c751e8b465ee728b)
Start importing Assets/Scripts/PlayerController.cs using Guid(a68e9804061ff1045a76095ca9df24f3) Importer(815301076,1909f56bfc062723c751e8b465ee728b)  -> (artifact id: '0c4ec2f3f0b9b9fc66ee59fbb875928a') in 0.001758 seconds
  Import took 0.003579 seconds .

========================================================================
Received Import Request.
  Time since last request: 22.620797 seconds.
  path: Assets/Scripts/PlayerController.cs
  artifactKey: Guid(a68e9804061ff1045a76095ca9df24f3) Importer(815301076,1909f56bfc062723c751e8b465ee728b)
Start importing Assets/Scripts/PlayerController.cs using Guid(a68e9804061ff1045a76095ca9df24f3) Importer(815301076,1909f56bfc062723c751e8b465ee728b)  -> (artifact id: '19c424ea943d46a6d1f4bb804289736c') in 0.001560 seconds
  Import took 0.003475 seconds .

========================================================================
Received Prepare
Registering precompiled user dll's ...
Registered in 0.000355 seconds.
Begin MonoManager ReloadAssembly
Native extension for WindowsStandalone target not found
Refreshing native plugins compatible for Editor in 0.19 ms, found 0 plugins.
Preloading 0 native plugins for Editor in 0.00 ms.
Invoked RoslynAnalysisRunner static constructor.
RoslynAnalysisRunner will not be running.
RoslynAnalysisRunner has terminated.
Mono: successfully reloaded assembly
- Completed reload, in  0.425 seconds
Platform modules already initialized, skipping
Refreshing native plugins compatible for Editor in 0.22 ms, found 0 plugins.
Preloading 0 native plugins for Editor in 0.00 ms.
Unloading 1395 Unused Serialized files (Serialized files now loaded: 0)
System memory in use before: 70.3 MB.
System memory in use after: 70.4 MB.

Unloading 4 unused Assets to reduce memory usage. Loaded Objects now: 1891.
Total: 1.248600 ms (FindLiveObjects: 0.120900 ms CreateObjectMapping: 0.026200 ms MarkObjects: 1.088600 ms  DeleteObjects: 0.012300 ms)

========================================================================
Received Import Request.
  Time since last request: 69.703494 seconds.
  path: Assets/Scripts/PlayerController.cs
  artifactKey: Guid(a68e9804061ff1045a76095ca9df24f3) Importer(815301076,1909f56bfc062723c751e8b465ee728b)
Start importing Assets/Scripts/PlayerController.cs using Guid(a68e9804061ff1045a76095ca9df24f3) Importer(815301076,1909f56bfc062723c751e8b465ee728b)  -> (artifact id: '1ee14862554f5dc434f3548e70a84857') in 0.003349 seconds
  Import took 0.005007 seconds .

========================================================================
Received Prepare
Registering precompiled user dll's ...
Registered in 0.000380 seconds.
Begin MonoManager ReloadAssembly
Native extension for WindowsStandalone target not found
Refreshing native plugins compatible for Editor in 0.23 ms, found 0 plugins.
Preloading 0 native plugins for Editor in 0.00 ms.
Invoked RoslynAnalysisRunner static constructor.
RoslynAnalysisRunner will not be running.
RoslynAnalysisRunner has terminated.
Mono: successfully reloaded assembly
- Completed reload, in  0.413 seconds
Platform modules already initialized, skipping
Refreshing native plugins compatible for Editor in 0.24 ms, found 0 plugins.
Preloading 0 native plugins for Editor in 0.00 ms.
Unloading 1395 Unused Serialized files (Serialized files now loaded: 0)
System memory in use before: 70.4 MB.
System memory in use after: 70.5 MB.

Unloading 4 unused Assets to reduce memory usage. Loaded Objects now: 1893.
Total: 1.432600 ms (FindLiveObjects: 0.116100 ms CreateObjectMapping: 0.021800 ms MarkObjects: 1.281000 ms  DeleteObjects: 0.013100 ms)

========================================================================
Received Prepare
Registering precompiled user dll's ...
Registered in 0.000351 seconds.
Begin MonoManager ReloadAssembly
Native extension for WindowsStandalone target not found
Refreshing native plugins compatible for Editor in 0.19 ms, found 0 plugins.
Preloading 0 native plugins for Editor in 0.00 ms.
Invoked RoslynAnalysisRunner static constructor.
RoslynAnalysisRunner will not be running.
RoslynAnalysisRunner has terminated.
Mono: successfully reloaded assembly
- Completed reload, in  0.412 seconds
Platform modules already initialized, skipping
Refreshing native plugins compatible for Editor in 0.24 ms, found 0 plugins.
Preloading 0 native plugins for Editor in 0.00 ms.
Unloading 1395 Unused Serialized files (Serialized files now loaded: 0)
System memory in use before: 70.4 MB.
System memory in use after: 70.5 MB.

Unloading 4 unused Assets to reduce memory usage. Loaded Objects now: 1895.
Total: 1.685500 ms (FindLiveObjects: 0.125800 ms CreateObjectMapping: 0.024900 ms MarkObjects: 1.522900 ms  DeleteObjects: 0.011100 ms)

========================================================================
Received Import Request.
  Time since last request: 68.753448 seconds.
  path: Assets/Scripts/PlayerController.cs
  artifactKey: Guid(a68e9804061ff1045a76095ca9df24f3) Importer(815301076,1909f56bfc062723c751e8b465ee728b)
Start importing Assets/Scripts/PlayerController.cs using Guid(a68e9804061ff1045a76095ca9df24f3) Importer(815301076,1909f56bfc062723c751e8b465ee728b)  -> (artifact id: 'd2c4c23dad901f1bf459ac7751ebe389') in 0.003495 seconds
  Import took 0.005237 seconds .

========================================================================
Received Import Request.
  Time since last request: 0.935947 seconds.
  path: Assets/Scripts/PlayerController.cs
  artifactKey: Guid(a68e9804061ff1045a76095ca9df24f3) Importer(815301076,1909f56bfc062723c751e8b465ee728b)
Start importing Assets/Scripts/PlayerController.cs using Guid(a68e9804061ff1045a76095ca9df24f3) Importer(815301076,1909f56bfc062723c751e8b465ee728b)  -> (artifact id: 'd2c4c23dad901f1bf459ac7751ebe389') in 0.001595 seconds
  Import took 0.003243 seconds .

========================================================================
Received Prepare
Registering precompiled user dll's ...
Registered in 0.000420 seconds.
Begin MonoManager ReloadAssembly
Native extension for WindowsStandalone target not found
Refreshing native plugins compatible for Editor in 0.20 ms, found 0 plugins.
Preloading 0 native plugins for Editor in 0.00 ms.
Invoked RoslynAnalysisRunner static constructor.
RoslynAnalysisRunner will not be running.
RoslynAnalysisRunner has terminated.
Mono: successfully reloaded assembly
- Completed reload, in  0.395 seconds
Platform modules already initialized, skipping
Refreshing native plugins compatible for Editor in 0.23 ms, found 0 plugins.
Preloading 0 native plugins for Editor in 0.00 ms.
Unloading 1395 Unused Serialized files (Serialized files now loaded: 0)
System memory in use before: 70.4 MB.
System memory in use after: 70.5 MB.

Unloading 4 unused Assets to reduce memory usage. Loaded Objects now: 1897.
Total: 1.519900 ms (FindLiveObjects: 0.265800 ms CreateObjectMapping: 0.065100 ms MarkObjects: 1.177600 ms  DeleteObjects: 0.010600 ms)

========================================================================
Received Prepare
Registering precompiled user dll's ...
Registered in 0.000410 seconds.
Begin MonoManager ReloadAssembly
Native extension for WindowsStandalone target not found
Refreshing native plugins compatible for Editor in 0.21 ms, found 0 plugins.
Preloading 0 native plugins for Editor in 0.00 ms.
Invoked RoslynAnalysisRunner static constructor.
RoslynAnalysisRunner will not be running.
RoslynAnalysisRunner has terminated.
Mono: successfully reloaded assembly
- Completed reload, in  0.422 seconds
Platform modules already initialized, skipping
Refreshing native plugins compatible for Editor in 0.27 ms, found 0 plugins.
Preloading 0 native plugins for Editor in 0.00 ms.
Unloading 1395 Unused Serialized files (Serialized files now loaded: 0)
System memory in use before: 70.4 MB.
System memory in use after: 70.5 MB.

Unloading 4 unused Assets to reduce memory usage. Loaded Objects now: 1899.
Total: 1.286800 ms (FindLiveObjects: 0.144400 ms CreateObjectMapping: 0.028800 ms MarkObjects: 1.102200 ms  DeleteObjects: 0.010700 ms)

========================================================================
Received Prepare
Registering precompiled user dll's ...
Registered in 0.000553 seconds.
Begin MonoManager ReloadAssembly
Native extension for WindowsStandalone target not found
Refreshing native plugins compatible for Editor in 0.22 ms, found 0 plugins.
Preloading 0 native plugins for Editor in 0.00 ms.
Invoked RoslynAnalysisRunner static constructor.
RoslynAnalysisRunner will not be running.
RoslynAnalysisRunner has terminated.
Mono: successfully reloaded assembly
- Completed reload, in  0.485 seconds
Platform modules already initialized, skipping
Refreshing native plugins compatible for Editor in 0.25 ms, found 0 plugins.
Preloading 0 native plugins for Editor in 0.00 ms.
Unloading 1395 Unused Serialized files (Serialized files now loaded: 0)
System memory in use before: 70.4 MB.
System memory in use after: 70.5 MB.

Unloading 4 unused Assets to reduce memory usage. Loaded Objects now: 1901.
Total: 1.421000 ms (FindLiveObjects: 0.161000 ms CreateObjectMapping: 0.039100 ms MarkObjects: 1.208100 ms  DeleteObjects: 0.011800 ms)

========================================================================
Received Prepare
Registering precompiled user dll's ...
Registered in 0.000364 seconds.
Begin MonoManager ReloadAssembly
Native extension for WindowsStandalone target not found
Refreshing native plugins compatible for Editor in 0.26 ms, found 0 plugins.
Preloading 0 native plugins for Editor in 0.00 ms.
Invoked RoslynAnalysisRunner static constructor.
RoslynAnalysisRunner will not be running.
RoslynAnalysisRunner has terminated.
Mono: successfully reloaded assembly
- Completed reload, in  0.432 seconds
Platform modules already initialized, skipping
Refreshing native plugins compatible for Editor in 0.21 ms, found 0 plugins.
Preloading 0 native plugins for Editor in 0.00 ms.
Unloading 1395 Unused Serialized files (Serialized files now loaded: 0)
System memory in use before: 70.4 MB.
System memory in use after: 70.5 MB.

Unloading 4 unused Assets to reduce memory usage. Loaded Objects now: 1903.
Total: 1.206600 ms (FindLiveObjects: 0.109600 ms CreateObjectMapping: 0.018700 ms MarkObjects: 1.063600 ms  DeleteObjects: 0.013900 ms)

========================================================================
Received Prepare
Registering precompiled user dll's ...
Registered in 0.000402 seconds.
Begin MonoManager ReloadAssembly
Native extension for WindowsStandalone target not found
Refreshing native plugins compatible for Editor in 0.20 ms, found 0 plugins.
Preloading 0 native plugins for Editor in 0.00 ms.
Invoked RoslynAnalysisRunner static constructor.
RoslynAnalysisRunner will not be running.
RoslynAnalysisRunner has terminated.
Mono: successfully reloaded assembly
- Completed reload, in  0.411 seconds
Platform modules already initialized, skipping
Refreshing native plugins compatible for Editor in 0.23 ms, found 0 plugins.
Preloading 0 native plugins for Editor in 0.00 ms.
Unloading 1395 Unused Serialized files (Serialized files now loaded: 0)
System memory in use before: 70.4 MB.
System memory in use after: 70.5 MB.

Unloading 4 unused Assets to reduce memory usage. Loaded Objects now: 1905.
Total: 1.342400 ms (FindLiveObjects: 0.104100 ms CreateObjectMapping: 0.021600 ms MarkObjects: 1.202800 ms  DeleteObjects: 0.013000 ms)

========================================================================
Received Prepare
Registering precompiled user dll's ...
Registered in 0.000420 seconds.
Begin MonoManager ReloadAssembly
Native extension for WindowsStandalone target not found
Refreshing native plugins compatible for Editor in 0.23 ms, found 0 plugins.
Preloading 0 native plugins for Editor in 0.00 ms.
Invoked RoslynAnalysisRunner static constructor.
RoslynAnalysisRunner will not be running.
RoslynAnalysisRunner has terminated.
Mono: successfully reloaded assembly
- Completed reload, in  0.416 seconds
Platform modules already initialized, skipping
Refreshing native plugins compatible for Editor in 0.22 ms, found 0 plugins.
Preloading 0 native plugins for Editor in 0.00 ms.
Unloading 1395 Unused Serialized files (Serialized files now loaded: 0)
System memory in use before: 70.4 MB.
System memory in use after: 70.5 MB.

Unloading 4 unused Assets to reduce memory usage. Loaded Objects now: 1907.
Total: 1.303400 ms (FindLiveObjects: 0.094900 ms CreateObjectMapping: 0.027100 ms MarkObjects: 1.170000 ms  DeleteObjects: 0.010800 ms)

========================================================================
Received Prepare
Registering precompiled user dll's ...
Registered in 0.000550 seconds.
Begin MonoManager ReloadAssembly
Native extension for WindowsStandalone target not found
Refreshing native plugins compatible for Editor in 0.19 ms, found 0 plugins.
Preloading 0 native plugins for Editor in 0.00 ms.
Invoked RoslynAnalysisRunner static constructor.
RoslynAnalysisRunner will not be running.
RoslynAnalysisRunner has terminated.
Mono: successfully reloaded assembly
- Completed reload, in  0.398 seconds
Platform modules already initialized, skipping
Refreshing native plugins compatible for Editor in 0.18 ms, found 0 plugins.
Preloading 0 native plugins for Editor in 0.00 ms.
Unloading 1396 Unused Serialized files (Serialized files now loaded: 0)
System memory in use before: 70.4 MB.
System memory in use after: 70.5 MB.

Unloading 4 unused Assets to reduce memory usage. Loaded Objects now: 1910.
Total: 1.150500 ms (FindLiveObjects: 0.096300 ms CreateObjectMapping: 0.026300 ms MarkObjects: 1.016900 ms  DeleteObjects: 0.010300 ms)

========================================================================
Received Prepare
Registering precompiled user dll's ...
Registered in 0.000382 seconds.
Begin MonoManager ReloadAssembly
Native extension for WindowsStandalone target not found
Refreshing native plugins compatible for Editor in 0.20 ms, found 0 plugins.
Preloading 0 native plugins for Editor in 0.00 ms.
Invoked RoslynAnalysisRunner static constructor.
RoslynAnalysisRunner will not be running.
RoslynAnalysisRunner has terminated.
Mono: successfully reloaded assembly
- Completed reload, in  0.393 seconds
Platform modules already initialized, skipping
Refreshing native plugins compatible for Editor in 0.22 ms, found 0 plugins.
Preloading 0 native plugins for Editor in 0.00 ms.
Unloading 1396 Unused Serialized files (Serialized files now loaded: 0)
System memory in use before: 70.4 MB.
System memory in use after: 70.5 MB.

Unloading 4 unused Assets to reduce memory usage. Loaded Objects now: 1912.
Total: 1.412100 ms (FindLiveObjects: 0.115500 ms CreateObjectMapping: 0.025900 ms MarkObjects: 1.258000 ms  DeleteObjects: 0.011700 ms)

========================================================================
Received Import Request.
  Time since last request: 762.033756 seconds.
  path: Assets/Scripts/CameraController.cs
  artifactKey: Guid(7db23d98ed00eca4c9aae04a860ffbc3) Importer(815301076,1909f56bfc062723c751e8b465ee728b)
Start importing Assets/Scripts/CameraController.cs using Guid(7db23d98ed00eca4c9aae04a860ffbc3) Importer(815301076,1909f56bfc062723c751e8b465ee728b)  -> (artifact id: '303917e217d4a526b8ffc7b227141219') in 0.008928 seconds
  Import took 0.011178 seconds .

========================================================================
Received Prepare
Registering precompiled user dll's ...
Registered in 0.000360 seconds.
Begin MonoManager ReloadAssembly
Native extension for WindowsStandalone target not found
Refreshing native plugins compatible for Editor in 0.21 ms, found 0 plugins.
Preloading 0 native plugins for Editor in 0.00 ms.
Invoked RoslynAnalysisRunner static constructor.
RoslynAnalysisRunner will not be running.
RoslynAnalysisRunner has terminated.
Mono: successfully reloaded assembly
- Completed reload, in  0.411 seconds
Platform modules already initialized, skipping
Refreshing native plugins compatible for Editor in 0.23 ms, found 0 plugins.
Preloading 0 native plugins for Editor in 0.00 ms.
Unloading 1396 Unused Serialized files (Serialized files now loaded: 0)
System memory in use before: 70.4 MB.
System memory in use after: 70.5 MB.

Unloading 4 unused Assets to reduce memory usage. Loaded Objects now: 1914.
Total: 1.182700 ms (FindLiveObjects: 0.102100 ms CreateObjectMapping: 0.021900 ms MarkObjects: 1.046800 ms  DeleteObjects: 0.011300 ms)

========================================================================
Received Import Request.
  Time since last request: 116.113620 seconds.
  path: Assets/Scripts/CameraController.cs
  artifactKey: Guid(7db23d98ed00eca4c9aae04a860ffbc3) Importer(815301076,1909f56bfc062723c751e8b465ee728b)
Start importing Assets/Scripts/CameraController.cs using Guid(7db23d98ed00eca4c9aae04a860ffbc3) Importer(815301076,1909f56bfc062723c751e8b465ee728b)  -> (artifact id: '6c0996491a7ea336a74f67adb6cdcc6c') in 0.003122 seconds
  Import took 0.004737 seconds .

========================================================================
Received Prepare
Registering precompiled user dll's ...
Registered in 0.000403 seconds.
Begin MonoManager ReloadAssembly
Native extension for WindowsStandalone target not found
Refreshing native plugins compatible for Editor in 0.20 ms, found 0 plugins.
Preloading 0 native plugins for Editor in 0.00 ms.
Invoked RoslynAnalysisRunner static constructor.
RoslynAnalysisRunner will not be running.
RoslynAnalysisRunner has terminated.
Mono: successfully reloaded assembly
- Completed reload, in  0.443 seconds
Platform modules already initialized, skipping
Refreshing native plugins compatible for Editor in 0.24 ms, found 0 plugins.
Preloading 0 native plugins for Editor in 0.00 ms.
Unloading 1396 Unused Serialized files (Serialized files now loaded: 0)
System memory in use before: 70.5 MB.
System memory in use after: 70.6 MB.

Unloading 4 unused Assets to reduce memory usage. Loaded Objects now: 1916.
Total: 1.681500 ms (FindLiveObjects: 0.147200 ms CreateObjectMapping: 0.048000 ms MarkObjects: 1.473500 ms  DeleteObjects: 0.012000 ms)

========================================================================
Received Import Request.
  Time since last request: 145.677146 seconds.
  path: Assets/New Material.mat
  artifactKey: Guid(bc5c2330a07a5eb4d82d51c8042207e4) Importer(815301076,1909f56bfc062723c751e8b465ee728b)
Start importing Assets/New Material.mat using Guid(bc5c2330a07a5eb4d82d51c8042207e4) Importer(815301076,1909f56bfc062723c751e8b465ee728b)  -> (artifact id: '86e1108c7bd4099278213421cc15e87f') in 0.038288 seconds
  Import took 0.040127 seconds .

========================================================================
Received Prepare
Registering precompiled user dll's ...
Registered in 0.000364 seconds.
Begin MonoManager ReloadAssembly
Native extension for WindowsStandalone target not found
Refreshing native plugins compatible for Editor in 0.19 ms, found 0 plugins.
Preloading 0 native plugins for Editor in 0.00 ms.
Invoked RoslynAnalysisRunner static constructor.
RoslynAnalysisRunner will not be running.
RoslynAnalysisRunner has terminated.
Mono: successfully reloaded assembly
- Completed reload, in  0.427 seconds
Platform modules already initialized, skipping
Refreshing native plugins compatible for Editor in 0.24 ms, found 0 plugins.
Preloading 0 native plugins for Editor in 0.00 ms.
Unloading 1396 Unused Serialized files (Serialized files now loaded: 0)
System memory in use before: 70.5 MB.
System memory in use after: 70.6 MB.

Unloading 4 unused Assets to reduce memory usage. Loaded Objects now: 1919.
Total: 1.262900 ms (FindLiveObjects: 0.104100 ms CreateObjectMapping: 0.025300 ms MarkObjects: 1.123200 ms  DeleteObjects: 0.009700 ms)

========================================================================
Received Import Request.
  Time since last request: 280.376532 seconds.
  path: Assets/Materials/Walls.mat
  artifactKey: Guid(bc5c2330a07a5eb4d82d51c8042207e4) Importer(815301076,1909f56bfc062723c751e8b465ee728b)
Start importing Assets/Materials/Walls.mat using Guid(bc5c2330a07a5eb4d82d51c8042207e4) Importer(815301076,1909f56bfc062723c751e8b465ee728b)  -> (artifact id: 'b9e29c03ed995d24ba1879e8fa76c8dc') in 0.035544 seconds
  Import took 0.037447 seconds .

========================================================================
Received Prepare
Registering precompiled user dll's ...
Registered in 0.000348 seconds.
Begin MonoManager ReloadAssembly
Native extension for WindowsStandalone target not found
Refreshing native plugins compatible for Editor in 0.19 ms, found 0 plugins.
Preloading 0 native plugins for Editor in 0.00 ms.
Invoked RoslynAnalysisRunner static constructor.
RoslynAnalysisRunner will not be running.
RoslynAnalysisRunner has terminated.
Mono: successfully reloaded assembly
- Completed reload, in  0.399 seconds
Platform modules already initialized, skipping
Refreshing native plugins compatible for Editor in 0.27 ms, found 0 plugins.
Preloading 0 native plugins for Editor in 0.00 ms.
Unloading 1397 Unused Serialized files (Serialized files now loaded: 0)
System memory in use before: 70.5 MB.
System memory in use after: 70.6 MB.

Unloading 4 unused Assets to reduce memory usage. Loaded Objects now: 1923.
Total: 1.278600 ms (FindLiveObjects: 0.120000 ms CreateObjectMapping: 0.021900 ms MarkObjects: 1.124200 ms  DeleteObjects: 0.011500 ms)

========================================================================
Received Prepare
Registering precompiled user dll's ...
Registered in 0.000360 seconds.
Begin MonoManager ReloadAssembly
Native extension for WindowsStandalone target not found
Refreshing native plugins compatible for Editor in 0.22 ms, found 0 plugins.
Preloading 0 native plugins for Editor in 0.00 ms.
Invoked RoslynAnalysisRunner static constructor.
RoslynAnalysisRunner will not be running.
RoslynAnalysisRunner has terminated.
Mono: successfully reloaded assembly
- Completed reload, in  0.419 seconds
Platform modules already initialized, skipping
Refreshing native plugins compatible for Editor in 0.35 ms, found 0 plugins.
Preloading 0 native plugins for Editor in 0.00 ms.
Unloading 1397 Unused Serialized files (Serialized files now loaded: 0)
System memory in use before: 70.5 MB.
System memory in use after: 70.6 MB.

Unloading 4 unused Assets to reduce memory usage. Loaded Objects now: 1925.
Total: 1.464400 ms (FindLiveObjects: 0.146500 ms CreateObjectMapping: 0.026300 ms MarkObjects: 1.276500 ms  DeleteObjects: 0.014000 ms)

========================================================================
Received Import Request.
  Time since last request: 65.873422 seconds.
  path: Assets/Scripts/Rotator.cs
  artifactKey: Guid(c07d61a9254da44498855f92833a2a26) Importer(815301076,1909f56bfc062723c751e8b465ee728b)
Start importing Assets/Scripts/Rotator.cs using Guid(c07d61a9254da44498855f92833a2a26) Importer(815301076,1909f56bfc062723c751e8b465ee728b)  -> (artifact id: '2ff04a78440a28674600972090990660') in 0.008914 seconds
  Import took 0.010575 seconds .

========================================================================
Received Prepare
Registering precompiled user dll's ...
Registered in 0.000395 seconds.
Begin MonoManager ReloadAssembly
Native extension for WindowsStandalone target not found
Refreshing native plugins compatible for Editor in 0.22 ms, found 0 plugins.
Preloading 0 native plugins for Editor in 0.00 ms.
Invoked RoslynAnalysisRunner static constructor.
RoslynAnalysisRunner will not be running.
RoslynAnalysisRunner has terminated.
Mono: successfully reloaded assembly
- Completed reload, in  0.451 seconds
Platform modules already initialized, skipping
Refreshing native plugins compatible for Editor in 0.26 ms, found 0 plugins.
Preloading 0 native plugins for Editor in 0.00 ms.
Unloading 1397 Unused Serialized files (Serialized files now loaded: 0)
System memory in use before: 70.5 MB.
System memory in use after: 70.6 MB.

Unloading 4 unused Assets to reduce memory usage. Loaded Objects now: 1927.
Total: 1.426000 ms (FindLiveObjects: 0.116200 ms CreateObjectMapping: 0.026600 ms MarkObjects: 1.270200 ms  DeleteObjects: 0.012300 ms)

========================================================================
Received Import Request.
  Time since last request: 65.789153 seconds.
  path: Assets/Scripts/Rotator.cs
  artifactKey: Guid(c07d61a9254da44498855f92833a2a26) Importer(815301076,1909f56bfc062723c751e8b465ee728b)
Start importing Assets/Scripts/Rotator.cs using Guid(c07d61a9254da44498855f92833a2a26) Importer(815301076,1909f56bfc062723c751e8b465ee728b)  -> (artifact id: 'a2aa06c8475a5dc5244f48105624fd89') in 0.002999 seconds
  Import took 0.004699 seconds .

========================================================================
Received Import Request.
  Time since last request: 15.225890 seconds.
  path: Assets/Prefabs
  artifactKey: Guid(71c21519567d6544a83c3aa6c67527b5) Importer(815301076,1909f56bfc062723c751e8b465ee728b)
Start importing Assets/Prefabs using Guid(71c21519567d6544a83c3aa6c67527b5) Importer(815301076,1909f56bfc062723c751e8b465ee728b)  -> (artifact id: '0cc497d007525ef77e4b19987f3eb655') in 0.005036 seconds
  Import took 0.006642 seconds .

========================================================================
Received Import Request.
  Time since last request: 7.095669 seconds.
  path: Assets/Prefabs/PickUp.prefab
  artifactKey: Guid(ac01af555cd989448bd2ddb9f01535b2) Importer(815301076,1909f56bfc062723c751e8b465ee728b)
Start importing Assets/Prefabs/PickUp.prefab using Guid(ac01af555cd989448bd2ddb9f01535b2) Importer(815301076,1909f56bfc062723c751e8b465ee728b)  -> (artifact id: 'c2a1a7765e535a9db54ba4a673cd1d80') in 0.037245 seconds
  Import took 0.039106 seconds .

========================================================================
Received Import Request.
  Time since last request: 114.939824 seconds.
  path: Assets/Prefabs/PickUp.prefab
  artifactKey: Guid(ac01af555cd989448bd2ddb9f01535b2) Importer(815301076,1909f56bfc062723c751e8b465ee728b)
Start importing Assets/Prefabs/PickUp.prefab using Guid(ac01af555cd989448bd2ddb9f01535b2) Importer(815301076,1909f56bfc062723c751e8b465ee728b)  -> (artifact id: 'c0085d1b9575b1c0da57ef382d104562') in 0.005339 seconds
  Import took 0.007056 seconds .

========================================================================
Received Import Request.
  Time since last request: 10.286208 seconds.
  path: Assets/Prefabs/PickUp.prefab
  artifactKey: Guid(ac01af555cd989448bd2ddb9f01535b2) Importer(815301076,1909f56bfc062723c751e8b465ee728b)
Start importing Assets/Prefabs/PickUp.prefab using Guid(ac01af555cd989448bd2ddb9f01535b2) Importer(815301076,1909f56bfc062723c751e8b465ee728b)  -> (artifact id: '616be9ecb5fd7adec35bfb48a50e73ea') in 0.008905 seconds
  Import took 0.010537 seconds .

========================================================================
Received Import Request.
  Time since last request: 8.366548 seconds.
  path: Assets/Prefabs/PickUp.prefab
  artifactKey: Guid(ac01af555cd989448bd2ddb9f01535b2) Importer(815301076,1909f56bfc062723c751e8b465ee728b)
Start importing Assets/Prefabs/PickUp.prefab using Guid(ac01af555cd989448bd2ddb9f01535b2) Importer(815301076,1909f56bfc062723c751e8b465ee728b)  -> (artifact id: 'ecdd45ea2c79164afdd9b8d7add50100') in 0.005389 seconds
  Import took 0.007269 seconds .

========================================================================
Received Prepare
Registering precompiled user dll's ...
Registered in 0.000361 seconds.
Begin MonoManager ReloadAssembly
Native extension for WindowsStandalone target not found
Refreshing native plugins compatible for Editor in 0.26 ms, found 0 plugins.
Preloading 0 native plugins for Editor in 0.00 ms.
Invoked RoslynAnalysisRunner static constructor.
RoslynAnalysisRunner will not be running.
RoslynAnalysisRunner has terminated.
Mono: successfully reloaded assembly
- Completed reload, in  0.421 seconds
Platform modules already initialized, skipping
Refreshing native plugins compatible for Editor in 0.22 ms, found 0 plugins.
Preloading 0 native plugins for Editor in 0.00 ms.
Unloading 1397 Unused Serialized files (Serialized files now loaded: 0)
System memory in use before: 70.5 MB.
System memory in use after: 70.6 MB.

Unloading 4 unused Assets to reduce memory usage. Loaded Objects now: 1931.
Total: 1.379100 ms (FindLiveObjects: 0.118300 ms CreateObjectMapping: 0.025800 ms MarkObjects: 1.222800 ms  DeleteObjects: 0.011700 ms)

========================================================================
Received Import Request.
  Time since last request: 445.132833 seconds.
  path: ProjectSettings/TagManager.asset
  artifactKey: Guid(00000000000000003000000000000000) Importer(815301076,1909f56bfc062723c751e8b465ee728b)
Start importing ProjectSettings/TagManager.asset using Guid(00000000000000003000000000000000) Importer(815301076,1909f56bfc062723c751e8b465ee728b)  -> (artifact id: 'd7fc6db537de490c66388a0e179d6586') in 0.012361 seconds
  Import took 0.013959 seconds .

========================================================================
Received Import Request.
  Time since last request: 24.620727 seconds.
  path: Assets/Prefabs/PickUp.prefab
  artifactKey: Guid(ac01af555cd989448bd2ddb9f01535b2) Importer(815301076,1909f56bfc062723c751e8b465ee728b)
Start importing Assets/Prefabs/PickUp.prefab using Guid(ac01af555cd989448bd2ddb9f01535b2) Importer(815301076,1909f56bfc062723c751e8b465ee728b)  -> (artifact id: 'df36a6082f9944d97f0d6deaf411e228') in 0.026699 seconds
  Import took 0.028587 seconds .

========================================================================
Received Prepare
Registering precompiled user dll's ...
Registered in 0.000605 seconds.
Begin MonoManager ReloadAssembly
Native extension for WindowsStandalone target not found
Refreshing native plugins compatible for Editor in 0.19 ms, found 0 plugins.
Preloading 0 native plugins for Editor in 0.00 ms.
Invoked RoslynAnalysisRunner static constructor.
RoslynAnalysisRunner will not be running.
RoslynAnalysisRunner has terminated.
Mono: successfully reloaded assembly
- Completed reload, in  0.420 seconds
Platform modules already initialized, skipping
Refreshing native plugins compatible for Editor in 0.23 ms, found 0 plugins.
Preloading 0 native plugins for Editor in 0.00 ms.
Unloading 1397 Unused Serialized files (Serialized files now loaded: 0)
System memory in use before: 70.6 MB.
System memory in use after: 70.7 MB.

Unloading 5 unused Assets to reduce memory usage. Loaded Objects now: 1934.
Total: 1.314900 ms (FindLiveObjects: 0.117600 ms CreateObjectMapping: 0.031900 ms MarkObjects: 1.151900 ms  DeleteObjects: 0.012800 ms)

========================================================================
Received Import Request.
  Time since last request: 66.894194 seconds.
  path: Assets/Prefabs/PickUp.prefab
  artifactKey: Guid(ac01af555cd989448bd2ddb9f01535b2) Importer(815301076,1909f56bfc062723c751e8b465ee728b)
Start importing Assets/Prefabs/PickUp.prefab using Guid(ac01af555cd989448bd2ddb9f01535b2) Importer(815301076,1909f56bfc062723c751e8b465ee728b)  -> (artifact id: 'f3f6d9970e0618f146f4e041b68aafad') in 0.030712 seconds
  Import took 0.032368 seconds .

========================================================================
Received Prepare
Registering precompiled user dll's ...
Registered in 0.000391 seconds.
Begin MonoManager ReloadAssembly
Native extension for WindowsStandalone target not found
Refreshing native plugins compatible for Editor in 0.19 ms, found 0 plugins.
Preloading 0 native plugins for Editor in 0.00 ms.
Invoked RoslynAnalysisRunner static constructor.
RoslynAnalysisRunner will not be running.
RoslynAnalysisRunner has terminated.
Mono: successfully reloaded assembly
- Completed reload, in  0.537 seconds
Platform modules already initialized, skipping
Refreshing native plugins compatible for Editor in 0.29 ms, found 0 plugins.
Preloading 0 native plugins for Editor in 0.00 ms.
Unloading 1397 Unused Serialized files (Serialized files now loaded: 0)
System memory in use before: 70.6 MB.
System memory in use after: 70.7 MB.

Unloading 4 unused Assets to reduce memory usage. Loaded Objects now: 1937.
Total: 1.479500 ms (FindLiveObjects: 0.155200 ms CreateObjectMapping: 0.055400 ms MarkObjects: 1.256200 ms  DeleteObjects: 0.011900 ms)

========================================================================
Received Prepare
Registering precompiled user dll's ...
Registered in 0.000348 seconds.
Begin MonoManager ReloadAssembly
Native extension for WindowsStandalone target not found
Refreshing native plugins compatible for Editor in 0.21 ms, found 0 plugins.
Preloading 0 native plugins for Editor in 0.00 ms.
Invoked RoslynAnalysisRunner static constructor.
RoslynAnalysisRunner will not be running.
RoslynAnalysisRunner has terminated.
Mono: successfully reloaded assembly
- Completed reload, in  0.432 seconds
Platform modules already initialized, skipping
Refreshing native plugins compatible for Editor in 0.24 ms, found 0 plugins.
Preloading 0 native plugins for Editor in 0.00 ms.
Unloading 1397 Unused Serialized files (Serialized files now loaded: 0)
System memory in use before: 70.6 MB.
System memory in use after: 70.7 MB.

Unloading 4 unused Assets to reduce memory usage. Loaded Objects now: 1939.
Total: 1.465700 ms (FindLiveObjects: 0.162100 ms CreateObjectMapping: 0.039600 ms MarkObjects: 1.249600 ms  DeleteObjects: 0.013200 ms)

========================================================================
Received Prepare
Registering precompiled user dll's ...
Registered in 0.000597 seconds.
Begin MonoManager ReloadAssembly
Native extension for WindowsStandalone target not found
Refreshing native plugins compatible for Editor in 0.19 ms, found 0 plugins.
Preloading 0 native plugins for Editor in 0.00 ms.
Invoked RoslynAnalysisRunner static constructor.
RoslynAnalysisRunner will not be running.
RoslynAnalysisRunner has terminated.
Mono: successfully reloaded assembly
- Completed reload, in  0.394 seconds
Platform modules already initialized, skipping
Refreshing native plugins compatible for Editor in 0.22 ms, found 0 plugins.
Preloading 0 native plugins for Editor in 0.00 ms.
Unloading 1397 Unused Serialized files (Serialized files now loaded: 0)
System memory in use before: 70.6 MB.
System memory in use after: 70.7 MB.

Unloading 4 unused Assets to reduce memory usage. Loaded Objects now: 1941.
Total: 1.146200 ms (FindLiveObjects: 0.089700 ms CreateObjectMapping: 0.017700 ms MarkObjects: 1.029000 ms  DeleteObjects: 0.009000 ms)

========================================================================
Received Import Request.
  Time since last request: 219.902762 seconds.
  path: Assets/Prefabs/PickUp.prefab
  artifactKey: Guid(ac01af555cd989448bd2ddb9f01535b2) Importer(815301076,1909f56bfc062723c751e8b465ee728b)
Start importing Assets/Prefabs/PickUp.prefab using Guid(ac01af555cd989448bd2ddb9f01535b2) Importer(815301076,1909f56bfc062723c751e8b465ee728b)  -> (artifact id: '957a1588bb4b79a4798a2b90dfa3de18') in 0.029459 seconds
  Import took 0.031045 seconds .

========================================================================
Received Prepare
Registering precompiled user dll's ...
Registered in 0.000340 seconds.
Begin MonoManager ReloadAssembly
Native extension for WindowsStandalone target not found
Refreshing native plugins compatible for Editor in 0.19 ms, found 0 plugins.
Preloading 0 native plugins for Editor in 0.00 ms.
Invoked RoslynAnalysisRunner static constructor.
RoslynAnalysisRunner will not be running.
RoslynAnalysisRunner has terminated.
Mono: successfully reloaded assembly
- Completed reload, in  0.441 seconds
Platform modules already initialized, skipping
Refreshing native plugins compatible for Editor in 0.23 ms, found 0 plugins.
Preloading 0 native plugins for Editor in 0.00 ms.
Unloading 1397 Unused Serialized files (Serialized files now loaded: 0)
System memory in use before: 70.6 MB.
System memory in use after: 70.7 MB.

Unloading 4 unused Assets to reduce memory usage. Loaded Objects now: 1944.
Total: 1.296400 ms (FindLiveObjects: 0.104100 ms CreateObjectMapping: 0.022400 ms MarkObjects: 1.159900 ms  DeleteObjects: 0.009500 ms)

========================================================================
Received Import Request.
  Time since last request: 25.837375 seconds.
  path: Assets/Prefabs/PickUp.prefab
  artifactKey: Guid(ac01af555cd989448bd2ddb9f01535b2) Importer(815301076,1909f56bfc062723c751e8b465ee728b)
Start importing Assets/Prefabs/PickUp.prefab using Guid(ac01af555cd989448bd2ddb9f01535b2) Importer(815301076,1909f56bfc062723c751e8b465ee728b)  -> (artifact id: '647044b8147d4836910c62ef2cf73aca') in 0.034050 seconds
  Import took 0.035589 seconds .

========================================================================
Received Prepare
Registering precompiled user dll's ...
Registered in 0.000370 seconds.
Begin MonoManager ReloadAssembly
Native extension for WindowsStandalone target not found
Refreshing native plugins compatible for Editor in 0.19 ms, found 0 plugins.
Preloading 0 native plugins for Editor in 0.00 ms.
Invoked RoslynAnalysisRunner static constructor.
RoslynAnalysisRunner will not be running.
RoslynAnalysisRunner has terminated.
Mono: successfully reloaded assembly
- Completed reload, in  0.408 seconds
Platform modules already initialized, skipping
Refreshing native plugins compatible for Editor in 0.21 ms, found 0 plugins.
Preloading 0 native plugins for Editor in 0.00 ms.
Unloading 1397 Unused Serialized files (Serialized files now loaded: 0)
System memory in use before: 70.6 MB.
System memory in use after: 70.7 MB.

Unloading 4 unused Assets to reduce memory usage. Loaded Objects now: 1947.
Total: 1.343300 ms (FindLiveObjects: 0.101700 ms CreateObjectMapping: 0.018900 ms MarkObjects: 1.212400 ms  DeleteObjects: 0.009600 ms)

========================================================================
Received Prepare
Registering precompiled user dll's ...
Registered in 0.000373 seconds.
Begin MonoManager ReloadAssembly
Native extension for WindowsStandalone target not found
Refreshing native plugins compatible for Editor in 0.22 ms, found 0 plugins.
Preloading 0 native plugins for Editor in 0.00 ms.
Invoked RoslynAnalysisRunner static constructor.
RoslynAnalysisRunner will not be running.
RoslynAnalysisRunner has terminated.
Mono: successfully reloaded assembly
- Completed reload, in  0.419 seconds
Platform modules already initialized, skipping
Refreshing native plugins compatible for Editor in 0.24 ms, found 0 plugins.
Preloading 0 native plugins for Editor in 0.00 ms.
Unloading 1444 Unused Serialized files (Serialized files now loaded: 0)
System memory in use before: 73.4 MB.
System memory in use after: 72.9 MB.

Unloading 17 unused Assets to reduce memory usage. Loaded Objects now: 1983.
Total: 1.536600 ms (FindLiveObjects: 0.140300 ms CreateObjectMapping: 0.028100 ms MarkObjects: 1.204600 ms  DeleteObjects: 0.163000 ms)

========================================================================
Received Prepare
Registering precompiled user dll's ...
Registered in 0.000545 seconds.
Begin MonoManager ReloadAssembly
Native extension for WindowsStandalone target not found
Refreshing native plugins compatible for Editor in 0.20 ms, found 0 plugins.
Preloading 0 native plugins for Editor in 0.00 ms.
Invoked RoslynAnalysisRunner static constructor.
RoslynAnalysisRunner will not be running.
RoslynAnalysisRunner has terminated.
Mono: successfully reloaded assembly
- Completed reload, in  0.423 seconds
Platform modules already initialized, skipping
Refreshing native plugins compatible for Editor in 0.24 ms, found 0 plugins.
Preloading 0 native plugins for Editor in 0.00 ms.
Unloading 1444 Unused Serialized files (Serialized files now loaded: 0)
System memory in use before: 73.4 MB.
System memory in use after: 72.9 MB.

Unloading 17 unused Assets to reduce memory usage. Loaded Objects now: 1985.
Total: 1.870600 ms (FindLiveObjects: 0.160900 ms CreateObjectMapping: 0.037200 ms MarkObjects: 1.476500 ms  DeleteObjects: 0.195200 ms)

========================================================================
Received Prepare
Registering precompiled user dll's ...
Registered in 0.000382 seconds.
Begin MonoManager ReloadAssembly
Native extension for WindowsStandalone target not found
Refreshing native plugins compatible for Editor in 0.20 ms, found 0 plugins.
Preloading 0 native plugins for Editor in 0.00 ms.
Invoked RoslynAnalysisRunner static constructor.
RoslynAnalysisRunner will not be running.
RoslynAnalysisRunner has terminated.
Mono: successfully reloaded assembly
- Completed reload, in  0.408 seconds
Platform modules already initialized, skipping
Refreshing native plugins compatible for Editor in 0.26 ms, found 0 plugins.
Preloading 0 native plugins for Editor in 0.00 ms.
Unloading 1444 Unused Serialized files (Serialized files now loaded: 0)
System memory in use before: 73.4 MB.
System memory in use after: 72.9 MB.

Unloading 17 unused Assets to reduce memory usage. Loaded Objects now: 1987.
Total: 1.548900 ms (FindLiveObjects: 0.122500 ms CreateObjectMapping: 0.022900 ms MarkObjects: 1.177800 ms  DeleteObjects: 0.225100 ms)

========================================================================
Received Prepare
Registering precompiled user dll's ...
Registered in 0.000361 seconds.
Begin MonoManager ReloadAssembly
Native extension for WindowsStandalone target not found
Refreshing native plugins compatible for Editor in 0.27 ms, found 0 plugins.
Preloading 0 native plugins for Editor in 0.00 ms.
Invoked RoslynAnalysisRunner static constructor.
RoslynAnalysisRunner will not be running.
RoslynAnalysisRunner has terminated.
Mono: successfully reloaded assembly
- Completed reload, in  0.426 seconds
Platform modules already initialized, skipping
Refreshing native plugins compatible for Editor in 0.31 ms, found 0 plugins.
Preloading 0 native plugins for Editor in 0.00 ms.
Unloading 1444 Unused Serialized files (Serialized files now loaded: 0)
System memory in use before: 73.4 MB.
System memory in use after: 72.9 MB.

Unloading 17 unused Assets to reduce memory usage. Loaded Objects now: 1989.
Total: 1.992400 ms (FindLiveObjects: 0.129700 ms CreateObjectMapping: 0.034600 ms MarkObjects: 1.601500 ms  DeleteObjects: 0.225900 ms)

========================================================================
Received Prepare
Registering precompiled user dll's ...
Registered in 0.000846 seconds.
Begin MonoManager ReloadAssembly
Native extension for WindowsStandalone target not found
Refreshing native plugins compatible for Editor in 0.22 ms, found 0 plugins.
Preloading 0 native plugins for Editor in 0.00 ms.
Invoked RoslynAnalysisRunner static constructor.
RoslynAnalysisRunner will not be running.
RoslynAnalysisRunner has terminated.
Mono: successfully reloaded assembly
- Completed reload, in  0.406 seconds
Platform modules already initialized, skipping
Refreshing native plugins compatible for Editor in 0.24 ms, found 0 plugins.
Preloading 0 native plugins for Editor in 0.00 ms.
Unloading 1444 Unused Serialized files (Serialized files now loaded: 0)
System memory in use before: 73.4 MB.
System memory in use after: 72.9 MB.

Unloading 17 unused Assets to reduce memory usage. Loaded Objects now: 1991.
Total: 1.350700 ms (FindLiveObjects: 0.126300 ms CreateObjectMapping: 0.022900 ms MarkObjects: 1.044100 ms  DeleteObjects: 0.156900 ms)

========================================================================
Received Prepare
Registering precompiled user dll's ...
Registered in 0.000542 seconds.
Begin MonoManager ReloadAssembly
Native extension for WindowsStandalone target not found
Refreshing native plugins compatible for Editor in 0.22 ms, found 0 plugins.
Preloading 0 native plugins for Editor in 0.00 ms.
Invoked RoslynAnalysisRunner static constructor.
RoslynAnalysisRunner will not be running.
RoslynAnalysisRunner has terminated.
Mono: successfully reloaded assembly
- Completed reload, in  0.418 seconds
Platform modules already initialized, skipping
Refreshing native plugins compatible for Editor in 0.24 ms, found 0 plugins.
Preloading 0 native plugins for Editor in 0.00 ms.
Unloading 1444 Unused Serialized files (Serialized files now loaded: 0)
System memory in use before: 73.4 MB.
System memory in use after: 72.9 MB.

Unloading 17 unused Assets to reduce memory usage. Loaded Objects now: 1993.
Total: 1.841000 ms (FindLiveObjects: 0.157000 ms CreateObjectMapping: 0.047600 ms MarkObjects: 1.465600 ms  DeleteObjects: 0.170000 ms)

========================================================================
Received Import Request.
  Time since last request: 697.720149 seconds.
  path: Assets/Materials/PickUp.mat
  artifactKey: Guid(e55a55999707b614880703160567a46a) Importer(815301076,1909f56bfc062723c751e8b465ee728b)
Start importing Assets/Materials/PickUp.mat using Guid(e55a55999707b614880703160567a46a) Importer(815301076,1909f56bfc062723c751e8b465ee728b)  -> (artifact id: 'be1858517918f17a5fdb8482c43727f6') in 0.036663 seconds
  Import took 0.038316 seconds .

========================================================================
Received Import Request.
  Time since last request: 10.256408 seconds.
  path: Assets/Materials/Enemy.mat
  artifactKey: Guid(003c5ba5042abb14a9f5da753dbef3e9) Importer(815301076,1909f56bfc062723c751e8b465ee728b)
Start importing Assets/Materials/Enemy.mat using Guid(003c5ba5042abb14a9f5da753dbef3e9) Importer(815301076,1909f56bfc062723c751e8b465ee728b)  -> (artifact id: '6df3867b0b97eaf3f9c8de0072f26228') in 0.010326 seconds
  Import took 0.013278 seconds .

========================================================================
Received Prepare
Refreshing native plugins compatible for Editor in 0.77 ms, found 0 plugins.
Preloading 0 native plugins for Editor in 0.00 ms.
Unloading 15 Unused Serialized files (Serialized files now loaded: 0)
System memory in use before: 45.2 MB.
System memory in use after: 44.7 MB.

Unloading 15 unused Assets to reduce memory usage. Loaded Objects now: 1994.
Total: 2.519600 ms (FindLiveObjects: 0.177500 ms CreateObjectMapping: 0.031900 ms MarkObjects: 2.084600 ms  DeleteObjects: 0.224900 ms)

AssetImportWorkerClient::OnTransportError - code=2 error=End of file
